<?xml version="1.0" encoding="UTF-8"?>
<testng-results skipped="0" failed="0" ignored="0" total="1" passed="1">
  <reporter-output>
  </reporter-output>
  <suite name="Default suite" duration-ms="7133" started-at="2020-03-14T21:52:39 IST" finished-at="2020-03-14T21:52:46 IST">
    <groups>
    </groups>
    <test name="Default test" duration-ms="7133" started-at="2020-03-14T21:52:39 IST" finished-at="2020-03-14T21:52:46 IST">
      <class name="resources.LibraryAPIExcel">
        <test-method status="PASS" signature="addBook()[pri:0, instance:resources.LibraryAPIExcel@6e6c3152]" name="addBook" duration-ms="7037" started-at="2020-03-14T21:52:39 IST" finished-at="2020-03-14T21:52:46 IST">
          <reporter-output>
          </reporter-output>
        </test-method> <!-- addBook -->
      </class> <!-- resources.LibraryAPIExcel -->
    </test> <!-- Default test -->
  </suite> <!-- Default suite -->
</testng-results>
